{"D:\\Pune_PromptWar\\app.js": {"path":"D:\\Pune_PromptWar\\app.js","statementMap":{"0":{"start":{"line":4,"column":14},"end":{"line":14,"column":1}},"1":{"start":{"line":16,"column":26},"end":{"line":16,"column":94}},"2":{"start":{"line":19,"column":10},"end":{"line":19,"column":43}},"3":{"start":{"line":19,"column":16},"end":{"line":19,"column":43}},"4":{"start":{"line":20,"column":22},"end":{"line":20,"column":34}},"5":{"start":{"line":21,"column":22},"end":{"line":21,"column":34}},"6":{"start":{"line":22,"column":22},"end":{"line":22,"column":40}},"7":{"start":{"line":23,"column":22},"end":{"line":23,"column":38}},"8":{"start":{"line":24,"column":22},"end":{"line":24,"column":35}},"9":{"start":{"line":25,"column":22},"end":{"line":25,"column":36}},"10":{"start":{"line":26,"column":22},"end":{"line":26,"column":34}},"11":{"start":{"line":27,"column":24},"end":{"line":27,"column":44}},"12":{"start":{"line":28,"column":22},"end":{"line":28,"column":38}},"13":{"start":{"line":29,"column":22},"end":{"line":29,"column":35}},"14":{"start":{"line":30,"column":23},"end":{"line":30,"column":42}},"15":{"start":{"line":31,"column":22},"end":{"line":31,"column":37}},"16":{"start":{"line":32,"column":22},"end":{"line":32,"column":39}},"17":{"start":{"line":33,"column":22},"end":{"line":33,"column":37}},"18":{"start":{"line":34,"column":22},"end":{"line":34,"column":38}},"19":{"start":{"line":35,"column":22},"end":{"line":35,"column":37}},"20":{"start":{"line":36,"column":22},"end":{"line":36,"column":37}},"21":{"start":{"line":37,"column":25},"end":{"line":37,"column":46}},"22":{"start":{"line":38,"column":25},"end":{"line":38,"column":45}},"23":{"start":{"line":39,"column":22},"end":{"line":39,"column":39}},"24":{"start":{"line":40,"column":22},"end":{"line":40,"column":38}},"25":{"start":{"line":44,"column":2},"end":{"line":44,"column":22}},"26":{"start":{"line":45,"column":2},"end":{"line":45,"column":15}},"27":{"start":{"line":46,"column":2},"end":{"line":46,"column":20}},"28":{"start":{"line":50,"column":2},"end":{"line":50,"column":51}},"29":{"start":{"line":51,"column":2},"end":{"line":51,"column":57}},"30":{"start":{"line":53,"column":2},"end":{"line":53,"column":48}},"31":{"start":{"line":54,"column":2},"end":{"line":56,"column":5}},"32":{"start":{"line":55,"column":4},"end":{"line":55,"column":79}},"33":{"start":{"line":55,"column":44},"end":{"line":55,"column":63}},"34":{"start":{"line":55,"column":64},"end":{"line":55,"column":77}},"35":{"start":{"line":57,"column":2},"end":{"line":57,"column":53}},"36":{"start":{"line":60,"column":2},"end":{"line":66,"column":5}},"37":{"start":{"line":61,"column":4},"end":{"line":65,"column":7}},"38":{"start":{"line":62,"column":6},"end":{"line":62,"column":62}},"39":{"start":{"line":63,"column":6},"end":{"line":63,"column":22}},"40":{"start":{"line":64,"column":6},"end":{"line":64,"column":19}},"41":{"start":{"line":69,"column":2},"end":{"line":76,"column":5}},"42":{"start":{"line":70,"column":4},"end":{"line":75,"column":7}},"43":{"start":{"line":71,"column":6},"end":{"line":71,"column":89}},"44":{"start":{"line":71,"column":59},"end":{"line":71,"column":87}},"45":{"start":{"line":72,"column":6},"end":{"line":72,"column":34}},"46":{"start":{"line":73,"column":6},"end":{"line":73,"column":46}},"47":{"start":{"line":74,"column":6},"end":{"line":74,"column":69}},"48":{"start":{"line":79,"column":2},"end":{"line":82,"column":5}},"49":{"start":{"line":80,"column":4},"end":{"line":80,"column":47}},"50":{"start":{"line":81,"column":4},"end":{"line":81,"column":70}},"51":{"start":{"line":85,"column":2},"end":{"line":97,"column":5}},"52":{"start":{"line":86,"column":4},"end":{"line":96,"column":7}},"53":{"start":{"line":87,"column":18},"end":{"line":93,"column":7}},"54":{"start":{"line":94,"column":18},"end":{"line":94,"column":41}},"55":{"start":{"line":95,"column":6},"end":{"line":95,"column":72}},"56":{"start":{"line":95,"column":17},"end":{"line":95,"column":39}},"57":{"start":{"line":95,"column":40},"end":{"line":95,"column":56}},"58":{"start":{"line":95,"column":57},"end":{"line":95,"column":70}},"59":{"start":{"line":99,"column":2},"end":{"line":99,"column":51}},"60":{"start":{"line":100,"column":2},"end":{"line":100,"column":90}},"61":{"start":{"line":100,"column":51},"end":{"line":100,"column":86}},"62":{"start":{"line":101,"column":2},"end":{"line":101,"column":53}},"63":{"start":{"line":102,"column":2},"end":{"line":102,"column":58}},"64":{"start":{"line":103,"column":2},"end":{"line":106,"column":5}},"65":{"start":{"line":104,"column":4},"end":{"line":104,"column":103}},"66":{"start":{"line":105,"column":4},"end":{"line":105,"column":20}},"67":{"start":{"line":105,"column":21},"end":{"line":105,"column":34}},"68":{"start":{"line":110,"column":2},"end":{"line":110,"column":35}},"69":{"start":{"line":111,"column":2},"end":{"line":111,"column":40}},"70":{"start":{"line":116,"column":14},"end":{"line":116,"column":36}},"71":{"start":{"line":117,"column":2},"end":{"line":117,"column":45}},"72":{"start":{"line":118,"column":2},"end":{"line":118,"column":49}},"73":{"start":{"line":119,"column":2},"end":{"line":119,"column":20}},"74":{"start":{"line":123,"column":2},"end":{"line":123,"column":34}},"75":{"start":{"line":124,"column":2},"end":{"line":124,"column":72}},"76":{"start":{"line":129,"column":15},"end":{"line":129,"column":37}},"77":{"start":{"line":130,"column":2},"end":{"line":130,"column":38}},"78":{"start":{"line":130,"column":31},"end":{"line":130,"column":38}},"79":{"start":{"line":132,"column":2},"end":{"line":132,"column":27}},"80":{"start":{"line":133,"column":2},"end":{"line":133,"column":23}},"81":{"start":{"line":134,"column":2},"end":{"line":134,"column":18}},"82":{"start":{"line":135,"column":2},"end":{"line":135,"column":18}},"83":{"start":{"line":137,"column":2},"end":{"line":137,"column":24}},"84":{"start":{"line":138,"column":2},"end":{"line":138,"column":26}},"85":{"start":{"line":139,"column":2},"end":{"line":139,"column":19}},"86":{"start":{"line":141,"column":2},"end":{"line":153,"column":3}},"87":{"start":{"line":142,"column":18},"end":{"line":142,"column":40}},"88":{"start":{"line":143,"column":4},"end":{"line":143,"column":22}},"89":{"start":{"line":144,"column":4},"end":{"line":144,"column":28}},"90":{"start":{"line":145,"column":4},"end":{"line":145,"column":31}},"91":{"start":{"line":146,"column":4},"end":{"line":146,"column":21}},"92":{"start":{"line":148,"column":4},"end":{"line":148,"column":22}},"93":{"start":{"line":149,"column":4},"end":{"line":149,"column":113}},"94":{"start":{"line":151,"column":4},"end":{"line":151,"column":27}},"95":{"start":{"line":152,"column":4},"end":{"line":152,"column":29}},"96":{"start":{"line":159,"column":18},"end":{"line":162,"column":5}},"97":{"start":{"line":159,"column":54},"end":{"line":162,"column":3}},"98":{"start":{"line":164,"column":23},"end":{"line":164,"column":42}},"99":{"start":{"line":166,"column":18},"end":{"line":174,"column":3}},"100":{"start":{"line":177,"column":12},"end":{"line":177,"column":62}},"101":{"start":{"line":178,"column":2},"end":{"line":185,"column":3}},"102":{"start":{"line":179,"column":4},"end":{"line":179,"column":116}},"103":{"start":{"line":180,"column":4},"end":{"line":180,"column":54}},"104":{"start":{"line":180,"column":14},"end":{"line":180,"column":54}},"105":{"start":{"line":181,"column":4},"end":{"line":181,"column":44}},"106":{"start":{"line":182,"column":4},"end":{"line":182,"column":23}},"107":{"start":{"line":184,"column":4},"end":{"line":184,"column":23}},"108":{"start":{"line":187,"column":14},"end":{"line":187,"column":115}},"109":{"start":{"line":188,"column":14},"end":{"line":192,"column":4}},"110":{"start":{"line":194,"column":2},"end":{"line":197,"column":3}},"111":{"start":{"line":195,"column":16},"end":{"line":195,"column":50}},"112":{"start":{"line":195,"column":46},"end":{"line":195,"column":48}},"113":{"start":{"line":196,"column":4},"end":{"line":196,"column":70}},"114":{"start":{"line":199,"column":15},"end":{"line":199,"column":31}},"115":{"start":{"line":200,"column":2},"end":{"line":200,"column":114}},"116":{"start":{"line":204,"column":22},"end":{"line":209,"column":3}},"117":{"start":{"line":211,"column":2},"end":{"line":236,"column":80}},"118":{"start":{"line":241,"column":14},"end":{"line":241,"column":49}},"119":{"start":{"line":242,"column":2},"end":{"line":242,"column":27}},"120":{"start":{"line":243,"column":2},"end":{"line":243,"column":21}},"121":{"start":{"line":244,"column":2},"end":{"line":244,"column":45}},"122":{"start":{"line":248,"column":14},"end":{"line":248,"column":43}},"123":{"start":{"line":249,"column":2},"end":{"line":249,"column":40}},"124":{"start":{"line":251,"column":15},"end":{"line":251,"column":32}},"125":{"start":{"line":252,"column":18},"end":{"line":252,"column":89}},"126":{"start":{"line":254,"column":2},"end":{"line":267,"column":12}},"127":{"start":{"line":269,"column":2},"end":{"line":269,"column":28}},"128":{"start":{"line":279,"column":18},"end":{"line":296,"column":29}},"129":{"start":{"line":282,"column":6},"end":{"line":282,"column":77}},"130":{"start":{"line":295,"column":42},"end":{"line":295,"column":64}},"131":{"start":{"line":298,"column":2},"end":{"line":300,"column":14}},"132":{"start":{"line":305,"column":2},"end":{"line":305,"column":53}},"133":{"start":{"line":306,"column":2},"end":{"line":306,"column":46}},"134":{"start":{"line":310,"column":2},"end":{"line":310,"column":57}},"135":{"start":{"line":311,"column":2},"end":{"line":311,"column":55}},"136":{"start":{"line":311,"column":12},"end":{"line":311,"column":55}},"137":{"start":{"line":315,"column":14},"end":{"line":315,"column":24}},"138":{"start":{"line":316,"column":2},"end":{"line":316,"column":108}},"139":{"start":{"line":320,"column":12},"end":{"line":320,"column":41}},"140":{"start":{"line":321,"column":2},"end":{"line":321,"column":32}},"141":{"start":{"line":322,"column":2},"end":{"line":322,"column":22}},"142":{"start":{"line":323,"column":2},"end":{"line":323,"column":32}},"143":{"start":{"line":324,"column":2},"end":{"line":324,"column":37}},"144":{"start":{"line":324,"column":19},"end":{"line":324,"column":29}},"145":{"start":{"line":328,"column":2},"end":{"line":328,"column":22}},"146":{"start":{"line":329,"column":2},"end":{"line":329,"column":20}},"147":{"start":{"line":330,"column":2},"end":{"line":330,"column":26}},"148":{"start":{"line":331,"column":2},"end":{"line":331,"column":17}},"149":{"start":{"line":332,"column":2},"end":{"line":332,"column":23}},"150":{"start":{"line":333,"column":2},"end":{"line":333,"column":47}},"151":{"start":{"line":343,"column":19},"end":{"line":343,"column":42}},"152":{"start":{"line":344,"column":19},"end":{"line":350,"column":3}},"153":{"start":{"line":351,"column":2},"end":{"line":356,"column":5}},"154":{"start":{"line":352,"column":4},"end":{"line":355,"column":5}},"155":{"start":{"line":353,"column":6},"end":{"line":354,"column":30}},"156":{"start":{"line":353,"column":29},"end":{"line":353,"column":50}},"157":{"start":{"line":354,"column":11},"end":{"line":354,"column":30}},"158":{"start":{"line":357,"column":2},"end":{"line":357,"column":52}},"159":{"start":{"line":357,"column":37},"end":{"line":357,"column":52}},"160":{"start":{"line":361,"column":18},"end":{"line":361,"column":58}},"161":{"start":{"line":362,"column":2},"end":{"line":365,"column":3}},"162":{"start":{"line":363,"column":4},"end":{"line":363,"column":92}},"163":{"start":{"line":364,"column":4},"end":{"line":364,"column":11}},"164":{"start":{"line":366,"column":2},"end":{"line":373,"column":14}},"165":{"start":{"line":367,"column":18},"end":{"line":367,"column":84}},"166":{"start":{"line":368,"column":18},"end":{"line":368,"column":84}},"167":{"start":{"line":369,"column":4},"end":{"line":372,"column":12}},"168":{"start":{"line":377,"column":21},"end":{"line":377,"column":53}},"169":{"start":{"line":378,"column":19},"end":{"line":378,"column":69}},"170":{"start":{"line":378,"column":46},"end":{"line":378,"column":61}},"171":{"start":{"line":379,"column":18},"end":{"line":379,"column":76}},"172":{"start":{"line":381,"column":2},"end":{"line":381,"column":41}},"173":{"start":{"line":382,"column":2},"end":{"line":382,"column":43}},"174":{"start":{"line":383,"column":2},"end":{"line":383,"column":38}},"175":{"start":{"line":384,"column":2},"end":{"line":384,"column":47}},"176":{"start":{"line":385,"column":2},"end":{"line":385,"column":52}},"177":{"start":{"line":389,"column":2},"end":{"line":389,"column":32}},"178":{"start":{"line":390,"column":2},"end":{"line":390,"column":34}},"179":{"start":{"line":391,"column":2},"end":{"line":391,"column":31}},"180":{"start":{"line":392,"column":2},"end":{"line":392,"column":32}},"181":{"start":{"line":393,"column":2},"end":{"line":393,"column":31}},"182":{"start":{"line":394,"column":2},"end":{"line":394,"column":90}},"183":{"start":{"line":398,"column":17},"end":{"line":429,"column":1}},"184":{"start":{"line":431,"column":14},"end":{"line":431,"column":15}},"185":{"start":{"line":432,"column":16},"end":{"line":432,"column":17}},"186":{"start":{"line":433,"column":19},"end":{"line":433,"column":24}},"187":{"start":{"line":436,"column":2},"end":{"line":436,"column":14}},"188":{"start":{"line":437,"column":2},"end":{"line":437,"column":16}},"189":{"start":{"line":438,"column":2},"end":{"line":438,"column":23}},"190":{"start":{"line":439,"column":2},"end":{"line":439,"column":37}},"191":{"start":{"line":440,"column":2},"end":{"line":440,"column":23}},"192":{"start":{"line":444,"column":2},"end":{"line":447,"column":3}},"193":{"start":{"line":445,"column":4},"end":{"line":445,"column":20}},"194":{"start":{"line":446,"column":4},"end":{"line":446,"column":11}},"195":{"start":{"line":448,"column":12},"end":{"line":448,"column":29}},"196":{"start":{"line":449,"column":2},"end":{"line":449,"column":23}},"197":{"start":{"line":450,"column":2},"end":{"line":457,"column":12}},"198":{"start":{"line":454,"column":33},"end":{"line":454,"column":119}},"199":{"start":{"line":461,"column":2},"end":{"line":461,"column":27}},"200":{"start":{"line":461,"column":20},"end":{"line":461,"column":27}},"201":{"start":{"line":462,"column":2},"end":{"line":462,"column":22}},"202":{"start":{"line":463,"column":12},"end":{"line":463,"column":29}},"203":{"start":{"line":464,"column":18},"end":{"line":464,"column":31}},"204":{"start":{"line":465,"column":2},"end":{"line":465,"column":27}},"205":{"start":{"line":465,"column":15},"end":{"line":465,"column":27}},"206":{"start":{"line":467,"column":2},"end":{"line":471,"column":5}},"207":{"start":{"line":468,"column":4},"end":{"line":468,"column":24}},"208":{"start":{"line":469,"column":4},"end":{"line":470,"column":63}},"209":{"start":{"line":469,"column":21},"end":{"line":469,"column":50}},"210":{"start":{"line":470,"column":9},"end":{"line":470,"column":63}},"211":{"start":{"line":470,"column":36},"end":{"line":470,"column":63}},"212":{"start":{"line":473,"column":13},"end":{"line":473,"column":30}},"213":{"start":{"line":474,"column":2},"end":{"line":477,"column":132}},"214":{"start":{"line":481,"column":2},"end":{"line":481,"column":12}},"215":{"start":{"line":482,"column":2},"end":{"line":482,"column":23}},"216":{"start":{"line":486,"column":2},"end":{"line":486,"column":23}},"217":{"start":{"line":487,"column":14},"end":{"line":487,"column":61}},"218":{"start":{"line":488,"column":14},"end":{"line":488,"column":105}},"219":{"start":{"line":489,"column":2},"end":{"line":496,"column":12}},"220":{"start":{"line":497,"column":2},"end":{"line":497,"column":19}},"221":{"start":{"line":498,"column":2},"end":{"line":498,"column":73}},"222":{"start":{"line":503,"column":17},"end":{"line":503,"column":70}},"223":{"start":{"line":504,"column":2},"end":{"line":504,"column":116}},"224":{"start":{"line":504,"column":83},"end":{"line":504,"column":114}},"225":{"start":{"line":508,"column":2},"end":{"line":508,"column":32}},"226":{"start":{"line":509,"column":2},"end":{"line":509,"column":22}},"227":{"start":{"line":510,"column":2},"end":{"line":510,"column":44}},"228":{"start":{"line":514,"column":2},"end":{"line":514,"column":38}},"229":{"start":{"line":515,"column":2},"end":{"line":515,"column":22}},"230":{"start":{"line":516,"column":2},"end":{"line":516,"column":107}},"231":{"start":{"line":517,"column":2},"end":{"line":517,"column":18}},"232":{"start":{"line":518,"column":2},"end":{"line":518,"column":15}},"233":{"start":{"line":522,"column":0},"end":{"line":529,"column":1}},"234":{"start":{"line":523,"column":2},"end":{"line":523,"column":33}},"235":{"start":{"line":524,"column":2},"end":{"line":524,"column":29}},"236":{"start":{"line":525,"column":2},"end":{"line":525,"column":29}},"237":{"start":{"line":526,"column":2},"end":{"line":526,"column":29}},"238":{"start":{"line":527,"column":2},"end":{"line":527,"column":29}},"239":{"start":{"line":528,"column":2},"end":{"line":528,"column":33}},"240":{"start":{"line":531,"column":0},"end":{"line":533,"column":1}},"241":{"start":{"line":532,"column":2},"end":{"line":532,"column":54}},"242":{"start":{"line":536,"column":0},"end":{"line":538,"column":1}},"243":{"start":{"line":537,"column":2},"end":{"line":537,"column":78}}},"fnMap":{"0":{"name":"(anonymous_0)","decl":{"start":{"line":19,"column":10},"end":{"line":19,"column":11}},"loc":{"start":{"line":19,"column":16},"end":{"line":19,"column":43}},"line":19},"1":{"name":"init","decl":{"start":{"line":43,"column":9},"end":{"line":43,"column":13}},"loc":{"start":{"line":43,"column":16},"end":{"line":47,"column":1}},"line":43},"2":{"name":"bindEvents","decl":{"start":{"line":49,"column":9},"end":{"line":49,"column":19}},"loc":{"start":{"line":49,"column":22},"end":{"line":107,"column":1}},"line":49},"3":{"name":"(anonymous_3)","decl":{"start":{"line":54,"column":40},"end":{"line":54,"column":41}},"loc":{"start":{"line":54,"column":45},"end":{"line":56,"column":3}},"line":54},"4":{"name":"(anonymous_4)","decl":{"start":{"line":60,"column":56},"end":{"line":60,"column":57}},"loc":{"start":{"line":60,"column":63},"end":{"line":66,"column":3}},"line":60},"5":{"name":"(anonymous_5)","decl":{"start":{"line":61,"column":34},"end":{"line":61,"column":35}},"loc":{"start":{"line":61,"column":40},"end":{"line":65,"column":5}},"line":61},"6":{"name":"(anonymous_6)","decl":{"start":{"line":69,"column":50},"end":{"line":69,"column":51}},"loc":{"start":{"line":69,"column":57},"end":{"line":76,"column":3}},"line":69},"7":{"name":"(anonymous_7)","decl":{"start":{"line":70,"column":34},"end":{"line":70,"column":35}},"loc":{"start":{"line":70,"column":40},"end":{"line":75,"column":5}},"line":70},"8":{"name":"(anonymous_8)","decl":{"start":{"line":71,"column":54},"end":{"line":71,"column":55}},"loc":{"start":{"line":71,"column":59},"end":{"line":71,"column":87}},"line":71},"9":{"name":"(anonymous_9)","decl":{"start":{"line":79,"column":45},"end":{"line":79,"column":46}},"loc":{"start":{"line":79,"column":51},"end":{"line":82,"column":3}},"line":79},"10":{"name":"(anonymous_10)","decl":{"start":{"line":85,"column":50},"end":{"line":85,"column":51}},"loc":{"start":{"line":85,"column":57},"end":{"line":97,"column":3}},"line":85},"11":{"name":"(anonymous_11)","decl":{"start":{"line":86,"column":34},"end":{"line":86,"column":35}},"loc":{"start":{"line":86,"column":40},"end":{"line":96,"column":5}},"line":86},"12":{"name":"(anonymous_12)","decl":{"start":{"line":100,"column":43},"end":{"line":100,"column":44}},"loc":{"start":{"line":100,"column":49},"end":{"line":100,"column":88}},"line":100},"13":{"name":"(anonymous_13)","decl":{"start":{"line":103,"column":44},"end":{"line":103,"column":45}},"loc":{"start":{"line":103,"column":50},"end":{"line":106,"column":3}},"line":103},"14":{"name":"toggleSidebar","decl":{"start":{"line":109,"column":9},"end":{"line":109,"column":22}},"loc":{"start":{"line":109,"column":25},"end":{"line":112,"column":1}},"line":109},"15":{"name":"onInputChange","decl":{"start":{"line":115,"column":9},"end":{"line":115,"column":22}},"loc":{"start":{"line":115,"column":25},"end":{"line":120,"column":1}},"line":115},"16":{"name":"autoResizeInput","decl":{"start":{"line":122,"column":9},"end":{"line":122,"column":24}},"loc":{"start":{"line":122,"column":27},"end":{"line":125,"column":1}},"line":122},"17":{"name":"handleSend","decl":{"start":{"line":128,"column":15},"end":{"line":128,"column":25}},"loc":{"start":{"line":128,"column":28},"end":{"line":154,"column":1}},"line":128},"18":{"name":"callGemini","decl":{"start":{"line":157,"column":15},"end":{"line":157,"column":25}},"loc":{"start":{"line":157,"column":36},"end":{"line":201,"column":1}},"line":157},"19":{"name":"(anonymous_19)","decl":{"start":{"line":159,"column":48},"end":{"line":159,"column":49}},"loc":{"start":{"line":159,"column":54},"end":{"line":162,"column":3}},"line":159},"20":{"name":"(anonymous_20)","decl":{"start":{"line":195,"column":39},"end":{"line":195,"column":40}},"loc":{"start":{"line":195,"column":46},"end":{"line":195,"column":48}},"line":195},"21":{"name":"buildSystemPrompt","decl":{"start":{"line":203,"column":9},"end":{"line":203,"column":26}},"loc":{"start":{"line":203,"column":29},"end":{"line":237,"column":1}},"line":203},"22":{"name":"addMessage","decl":{"start":{"line":240,"column":9},"end":{"line":240,"column":19}},"loc":{"start":{"line":240,"column":35},"end":{"line":245,"column":1}},"line":240},"23":{"name":"renderMessage","decl":{"start":{"line":247,"column":9},"end":{"line":247,"column":22}},"loc":{"start":{"line":247,"column":28},"end":{"line":270,"column":1}},"line":247},"24":{"name":"parseMarkdown","decl":{"start":{"line":278,"column":9},"end":{"line":278,"column":22}},"loc":{"start":{"line":278,"column":29},"end":{"line":301,"column":1}},"line":278},"25":{"name":"(anonymous_25)","decl":{"start":{"line":281,"column":42},"end":{"line":281,"column":43}},"loc":{"start":{"line":282,"column":6},"end":{"line":282,"column":77}},"line":282},"26":{"name":"(anonymous_26)","decl":{"start":{"line":295,"column":37},"end":{"line":295,"column":38}},"loc":{"start":{"line":295,"column":42},"end":{"line":295,"column":64}},"line":295},"27":{"name":"showHero","decl":{"start":{"line":304,"column":9},"end":{"line":304,"column":17}},"loc":{"start":{"line":304,"column":24},"end":{"line":307,"column":1}},"line":304},"28":{"name":"showTyping","decl":{"start":{"line":309,"column":9},"end":{"line":309,"column":19}},"loc":{"start":{"line":309,"column":26},"end":{"line":312,"column":1}},"line":309},"29":{"name":"updateSessionInfo","decl":{"start":{"line":314,"column":9},"end":{"line":314,"column":26}},"loc":{"start":{"line":314,"column":29},"end":{"line":317,"column":1}},"line":314},"30":{"name":"showToast","decl":{"start":{"line":319,"column":9},"end":{"line":319,"column":18}},"loc":{"start":{"line":319,"column":39},"end":{"line":325,"column":1}},"line":319},"31":{"name":"(anonymous_31)","decl":{"start":{"line":324,"column":13},"end":{"line":324,"column":14}},"loc":{"start":{"line":324,"column":19},"end":{"line":324,"column":29}},"line":324},"32":{"name":"clearChat","decl":{"start":{"line":327,"column":9},"end":{"line":327,"column":18}},"loc":{"start":{"line":327,"column":21},"end":{"line":334,"column":1}},"line":327},"33":{"name":"extractTopics","decl":{"start":{"line":342,"column":9},"end":{"line":342,"column":22}},"loc":{"start":{"line":342,"column":41},"end":{"line":358,"column":1}},"line":342},"34":{"name":"(anonymous_34)","decl":{"start":{"line":351,"column":19},"end":{"line":351,"column":20}},"loc":{"start":{"line":351,"column":25},"end":{"line":356,"column":3}},"line":351},"35":{"name":"renderTopics","decl":{"start":{"line":360,"column":9},"end":{"line":360,"column":21}},"loc":{"start":{"line":360,"column":24},"end":{"line":374,"column":1}},"line":360},"36":{"name":"(anonymous_36)","decl":{"start":{"line":366,"column":37},"end":{"line":366,"column":38}},"loc":{"start":{"line":366,"column":56},"end":{"line":373,"column":3}},"line":366},"37":{"name":"updateProgress","decl":{"start":{"line":376,"column":9},"end":{"line":376,"column":23}},"loc":{"start":{"line":376,"column":26},"end":{"line":386,"column":1}},"line":376},"38":{"name":"(anonymous_38)","decl":{"start":{"line":378,"column":41},"end":{"line":378,"column":42}},"loc":{"start":{"line":378,"column":46},"end":{"line":378,"column":61}},"line":378},"39":{"name":"updateSidebarStats","decl":{"start":{"line":388,"column":9},"end":{"line":388,"column":27}},"loc":{"start":{"line":388,"column":30},"end":{"line":395,"column":1}},"line":388},"40":{"name":"openQuiz","decl":{"start":{"line":435,"column":9},"end":{"line":435,"column":17}},"loc":{"start":{"line":435,"column":20},"end":{"line":441,"column":1}},"line":435},"41":{"name":"renderQuizQuestion","decl":{"start":{"line":443,"column":9},"end":{"line":443,"column":27}},"loc":{"start":{"line":443,"column":30},"end":{"line":458,"column":1}},"line":443},"42":{"name":"(anonymous_42)","decl":{"start":{"line":454,"column":21},"end":{"line":454,"column":22}},"loc":{"start":{"line":454,"column":33},"end":{"line":454,"column":119}},"line":454},"43":{"name":"answerQuiz","decl":{"start":{"line":460,"column":9},"end":{"line":460,"column":19}},"loc":{"start":{"line":460,"column":25},"end":{"line":478,"column":1}},"line":460},"44":{"name":"(anonymous_44)","decl":{"start":{"line":467,"column":52},"end":{"line":467,"column":53}},"loc":{"start":{"line":467,"column":64},"end":{"line":471,"column":3}},"line":467},"45":{"name":"nextQuiz","decl":{"start":{"line":480,"column":9},"end":{"line":480,"column":17}},"loc":{"start":{"line":480,"column":20},"end":{"line":483,"column":1}},"line":480},"46":{"name":"showQuizScore","decl":{"start":{"line":485,"column":9},"end":{"line":485,"column":22}},"loc":{"start":{"line":485,"column":25},"end":{"line":499,"column":1}},"line":485},"47":{"name":"copyText","decl":{"start":{"line":502,"column":9},"end":{"line":502,"column":17}},"loc":{"start":{"line":502,"column":23},"end":{"line":505,"column":1}},"line":502},"48":{"name":"(anonymous_48)","decl":{"start":{"line":504,"column":77},"end":{"line":504,"column":78}},"loc":{"start":{"line":504,"column":83},"end":{"line":504,"column":114}},"line":504},"49":{"name":"thumbsUp","decl":{"start":{"line":507,"column":9},"end":{"line":507,"column":17}},"loc":{"start":{"line":507,"column":23},"end":{"line":511,"column":1}},"line":507},"50":{"name":"thumbsDown","decl":{"start":{"line":513,"column":9},"end":{"line":513,"column":19}},"loc":{"start":{"line":513,"column":25},"end":{"line":519,"column":1}},"line":513}},"branchMap":{"0":{"loc":{"start":{"line":55,"column":4},"end":{"line":55,"column":79}},"type":"if","locations":[{"start":{"line":55,"column":4},"end":{"line":55,"column":79}},{"start":{},"end":{}}],"line":55},"1":{"loc":{"start":{"line":55,"column":8},"end":{"line":55,"column":40}},"type":"binary-expr","locations":[{"start":{"line":55,"column":8},"end":{"line":55,"column":25}},{"start":{"line":55,"column":29},"end":{"line":55,"column":40}}],"line":55},"2":{"loc":{"start":{"line":95,"column":6},"end":{"line":95,"column":72}},"type":"if","locations":[{"start":{"line":95,"column":6},"end":{"line":95,"column":72}},{"start":{},"end":{}}],"line":95},"3":{"loc":{"start":{"line":118,"column":21},"end":{"line":118,"column":48}},"type":"binary-expr","locations":[{"start":{"line":118,"column":21},"end":{"line":118,"column":30}},{"start":{"line":118,"column":34},"end":{"line":118,"column":48}}],"line":118},"4":{"loc":{"start":{"line":130,"column":2},"end":{"line":130,"column":38}},"type":"if","locations":[{"start":{"line":130,"column":2},"end":{"line":130,"column":38}},{"start":{},"end":{}}],"line":130},"5":{"loc":{"start":{"line":130,"column":6},"end":{"line":130,"column":29}},"type":"binary-expr","locations":[{"start":{"line":130,"column":6},"end":{"line":130,"column":11}},{"start":{"line":130,"column":15},"end":{"line":130,"column":29}}],"line":130},"6":{"loc":{"start":{"line":160,"column":10},"end":{"line":160,"column":44}},"type":"cond-expr","locations":[{"start":{"line":160,"column":28},"end":{"line":160,"column":35}},{"start":{"line":160,"column":38},"end":{"line":160,"column":44}}],"line":160},"7":{"loc":{"start":{"line":177,"column":12},"end":{"line":177,"column":62}},"type":"binary-expr","locations":[{"start":{"line":177,"column":12},"end":{"line":177,"column":24}},{"start":{"line":177,"column":28},"end":{"line":177,"column":62}}],"line":177},"8":{"loc":{"start":{"line":178,"column":2},"end":{"line":185,"column":3}},"type":"if","locations":[{"start":{"line":178,"column":2},"end":{"line":185,"column":3}},{"start":{"line":183,"column":9},"end":{"line":185,"column":3}}],"line":178},"9":{"loc":{"start":{"line":180,"column":4},"end":{"line":180,"column":54}},"type":"if","locations":[{"start":{"line":180,"column":4},"end":{"line":180,"column":54}},{"start":{},"end":{}}],"line":180},"10":{"loc":{"start":{"line":194,"column":2},"end":{"line":197,"column":3}},"type":"if","locations":[{"start":{"line":194,"column":2},"end":{"line":197,"column":3}},{"start":{},"end":{}}],"line":194},"11":{"loc":{"start":{"line":196,"column":20},"end":{"line":196,"column":68}},"type":"binary-expr","locations":[{"start":{"line":196,"column":20},"end":{"line":196,"column":39}},{"start":{"line":196,"column":43},"end":{"line":196,"column":68}}],"line":196},"12":{"loc":{"start":{"line":200,"column":9},"end":{"line":200,"column":113}},"type":"binary-expr","locations":[{"start":{"line":200,"column":9},"end":{"line":200,"column":57}},{"start":{"line":200,"column":61},"end":{"line":200,"column":113}}],"line":200},"13":{"loc":{"start":{"line":216,"column":20},"end":{"line":216,"column":70}},"type":"binary-expr","locations":[{"start":{"line":216,"column":20},"end":{"line":216,"column":56}},{"start":{"line":216,"column":60},"end":{"line":216,"column":70}}],"line":216},"14":{"loc":{"start":{"line":255,"column":29},"end":{"line":255,"column":52}},"type":"cond-expr","locations":[{"start":{"line":255,"column":36},"end":{"line":255,"column":40}},{"start":{"line":255,"column":43},"end":{"line":255,"column":52}}],"line":255},"15":{"loc":{"start":{"line":255,"column":57},"end":{"line":255,"column":75}},"type":"cond-expr","locations":[{"start":{"line":255,"column":64},"end":{"line":255,"column":68}},{"start":{"line":255,"column":71},"end":{"line":255,"column":75}}],"line":255},"16":{"loc":{"start":{"line":258,"column":35},"end":{"line":258,"column":63}},"type":"cond-expr","locations":[{"start":{"line":258,"column":42},"end":{"line":258,"column":55}},{"start":{"line":258,"column":58},"end":{"line":258,"column":63}}],"line":258},"17":{"loc":{"start":{"line":262,"column":8},"end":{"line":266,"column":18}},"type":"cond-expr","locations":[{"start":{"line":262,"column":15},"end":{"line":266,"column":13}},{"start":{"line":266,"column":16},"end":{"line":266,"column":18}}],"line":262},"18":{"loc":{"start":{"line":282,"column":32},"end":{"line":282,"column":46}},"type":"binary-expr","locations":[{"start":{"line":282,"column":32},"end":{"line":282,"column":36}},{"start":{"line":282,"column":40},"end":{"line":282,"column":46}}],"line":282},"19":{"loc":{"start":{"line":295,"column":42},"end":{"line":295,"column":64}},"type":"cond-expr","locations":[{"start":{"line":295,"column":46},"end":{"line":295,"column":59}},{"start":{"line":295,"column":62},"end":{"line":295,"column":64}}],"line":295},"20":{"loc":{"start":{"line":298,"column":9},"end":{"line":300,"column":13}},"type":"cond-expr","locations":[{"start":{"line":299,"column":6},"end":{"line":299,"column":40}},{"start":{"line":300,"column":6},"end":{"line":300,"column":13}}],"line":298},"21":{"loc":{"start":{"line":298,"column":9},"end":{"line":298,"column":58}},"type":"binary-expr","locations":[{"start":{"line":298,"column":9},"end":{"line":298,"column":38}},{"start":{"line":298,"column":42},"end":{"line":298,"column":58}}],"line":298},"22":{"loc":{"start":{"line":305,"column":30},"end":{"line":305,"column":52}},"type":"cond-expr","locations":[{"start":{"line":305,"column":37},"end":{"line":305,"column":43}},{"start":{"line":305,"column":46},"end":{"line":305,"column":52}}],"line":305},"23":{"loc":{"start":{"line":310,"column":34},"end":{"line":310,"column":56}},"type":"cond-expr","locations":[{"start":{"line":310,"column":41},"end":{"line":310,"column":47}},{"start":{"line":310,"column":50},"end":{"line":310,"column":56}}],"line":310},"24":{"loc":{"start":{"line":311,"column":2},"end":{"line":311,"column":55}},"type":"if","locations":[{"start":{"line":311,"column":2},"end":{"line":311,"column":55}},{"start":{},"end":{}}],"line":311},"25":{"loc":{"start":{"line":319,"column":24},"end":{"line":319,"column":37}},"type":"default-arg","locations":[{"start":{"line":319,"column":31},"end":{"line":319,"column":37}}],"line":319},"26":{"loc":{"start":{"line":352,"column":4},"end":{"line":355,"column":5}},"type":"if","locations":[{"start":{"line":352,"column":4},"end":{"line":355,"column":5}},{"start":{},"end":{}}],"line":352},"27":{"loc":{"start":{"line":353,"column":6},"end":{"line":354,"column":30}},"type":"if","locations":[{"start":{"line":353,"column":6},"end":{"line":354,"column":30}},{"start":{"line":354,"column":11},"end":{"line":354,"column":30}}],"line":353},"28":{"loc":{"start":{"line":357,"column":2},"end":{"line":357,"column":52}},"type":"if","locations":[{"start":{"line":357,"column":2},"end":{"line":357,"column":52}},{"start":{},"end":{}}],"line":357},"29":{"loc":{"start":{"line":362,"column":2},"end":{"line":365,"column":3}},"type":"if","locations":[{"start":{"line":362,"column":2},"end":{"line":365,"column":3}},{"start":{},"end":{}}],"line":362},"30":{"loc":{"start":{"line":367,"column":18},"end":{"line":367,"column":84}},"type":"cond-expr","locations":[{"start":{"line":367,"column":31},"end":{"line":367,"column":41}},{"start":{"line":367,"column":44},"end":{"line":367,"column":84}}],"line":367},"31":{"loc":{"start":{"line":367,"column":44},"end":{"line":367,"column":84}},"type":"cond-expr","locations":[{"start":{"line":367,"column":57},"end":{"line":367,"column":71}},{"start":{"line":367,"column":74},"end":{"line":367,"column":84}}],"line":367},"32":{"loc":{"start":{"line":368,"column":18},"end":{"line":368,"column":84}},"type":"cond-expr","locations":[{"start":{"line":368,"column":31},"end":{"line":368,"column":41}},{"start":{"line":368,"column":44},"end":{"line":368,"column":84}}],"line":368},"33":{"loc":{"start":{"line":368,"column":44},"end":{"line":368,"column":84}},"type":"cond-expr","locations":[{"start":{"line":368,"column":57},"end":{"line":368,"column":71}},{"start":{"line":368,"column":74},"end":{"line":368,"column":84}}],"line":368},"34":{"loc":{"start":{"line":444,"column":2},"end":{"line":447,"column":3}},"type":"if","locations":[{"start":{"line":444,"column":2},"end":{"line":447,"column":3}},{"start":{},"end":{}}],"line":444},"35":{"loc":{"start":{"line":461,"column":2},"end":{"line":461,"column":27}},"type":"if","locations":[{"start":{"line":461,"column":2},"end":{"line":461,"column":27}},{"start":{},"end":{}}],"line":461},"36":{"loc":{"start":{"line":465,"column":2},"end":{"line":465,"column":27}},"type":"if","locations":[{"start":{"line":465,"column":2},"end":{"line":465,"column":27}},{"start":{},"end":{}}],"line":465},"37":{"loc":{"start":{"line":469,"column":4},"end":{"line":470,"column":63}},"type":"if","locations":[{"start":{"line":469,"column":4},"end":{"line":470,"column":63}},{"start":{"line":470,"column":9},"end":{"line":470,"column":63}}],"line":469},"38":{"loc":{"start":{"line":470,"column":9},"end":{"line":470,"column":63}},"type":"if","locations":[{"start":{"line":470,"column":9},"end":{"line":470,"column":63}},{"start":{},"end":{}}],"line":470},"39":{"loc":{"start":{"line":470,"column":13},"end":{"line":470,"column":34}},"type":"binary-expr","locations":[{"start":{"line":470,"column":13},"end":{"line":470,"column":22}},{"start":{"line":470,"column":26},"end":{"line":470,"column":34}}],"line":470},"40":{"loc":{"start":{"line":474,"column":46},"end":{"line":474,"column":75}},"type":"cond-expr","locations":[{"start":{"line":474,"column":56},"end":{"line":474,"column":65}},{"start":{"line":474,"column":68},"end":{"line":474,"column":75}}],"line":474},"41":{"loc":{"start":{"line":475,"column":6},"end":{"line":475,"column":47}},"type":"cond-expr","locations":[{"start":{"line":475,"column":16},"end":{"line":475,"column":29}},{"start":{"line":475,"column":32},"end":{"line":475,"column":47}}],"line":475},"42":{"loc":{"start":{"line":477,"column":55},"end":{"line":477,"column":120}},"type":"cond-expr","locations":[{"start":{"line":477,"column":87},"end":{"line":477,"column":104}},{"start":{"line":477,"column":107},"end":{"line":477,"column":120}}],"line":477},"43":{"loc":{"start":{"line":488,"column":14},"end":{"line":488,"column":105}},"type":"cond-expr","locations":[{"start":{"line":488,"column":26},"end":{"line":488,"column":49}},{"start":{"line":488,"column":52},"end":{"line":488,"column":105}}],"line":488},"44":{"loc":{"start":{"line":488,"column":52},"end":{"line":488,"column":105}},"type":"cond-expr","locations":[{"start":{"line":488,"column":64},"end":{"line":488,"column":83}},{"start":{"line":488,"column":86},"end":{"line":488,"column":105}}],"line":488},"45":{"loc":{"start":{"line":498,"column":38},"end":{"line":498,"column":71}},"type":"cond-expr","locations":[{"start":{"line":498,"column":50},"end":{"line":498,"column":59}},{"start":{"line":498,"column":62},"end":{"line":498,"column":71}}],"line":498},"46":{"loc":{"start":{"line":504,"column":32},"end":{"line":504,"column":70}},"type":"binary-expr","locations":[{"start":{"line":504,"column":32},"end":{"line":504,"column":50}},{"start":{"line":504,"column":54},"end":{"line":504,"column":70}}],"line":504},"47":{"loc":{"start":{"line":522,"column":0},"end":{"line":529,"column":1}},"type":"if","locations":[{"start":{"line":522,"column":0},"end":{"line":529,"column":1}},{"start":{},"end":{}}],"line":522},"48":{"loc":{"start":{"line":531,"column":0},"end":{"line":533,"column":1}},"type":"if","locations":[{"start":{"line":531,"column":0},"end":{"line":533,"column":1}},{"start":{},"end":{}}],"line":531},"49":{"loc":{"start":{"line":536,"column":0},"end":{"line":538,"column":1}},"type":"if","locations":[{"start":{"line":536,"column":0},"end":{"line":538,"column":1}},{"start":{},"end":{}}],"line":536},"50":{"loc":{"start":{"line":536,"column":4},"end":{"line":536,"column":51}},"type":"binary-expr","locations":[{"start":{"line":536,"column":4},"end":{"line":536,"column":33}},{"start":{"line":536,"column":37},"end":{"line":536,"column":51}}],"line":536}},"s":{"0":11,"1":11,"2":11,"3":562,"4":11,"5":11,"6":11,"7":11,"8":11,"9":11,"10":11,"11":11,"12":11,"13":11,"14":11,"15":11,"16":11,"17":11,"18":11,"19":11,"20":11,"21":11,"22":11,"23":11,"24":11,"25":66,"26":66,"27":66,"28":66,"29":66,"30":66,"31":66,"32":0,"33":0,"34":0,"35":66,"36":66,"37":396,"38":0,"39":0,"40":0,"41":66,"42":264,"43":8,"44":32,"45":8,"46":8,"47":8,"48":66,"49":1,"50":1,"51":66,"52":330,"53":0,"54":0,"55":0,"56":0,"57":0,"58":0,"59":66,"60":66,"61":0,"62":66,"63":66,"64":66,"65":0,"66":0,"67":0,"68":1,"69":1,"70":2,"71":2,"72":2,"73":2,"74":68,"75":68,"76":1,"77":1,"78":0,"79":1,"80":1,"81":1,"82":1,"83":1,"84":1,"85":1,"86":1,"87":1,"88":0,"89":0,"90":0,"91":0,"92":1,"93":1,"94":1,"95":1,"96":1,"97":1,"98":1,"99":1,"100":1,"101":1,"102":1,"103":1,"104":0,"105":1,"106":1,"107":0,"108":1,"109":1,"110":0,"111":0,"112":0,"113":0,"114":0,"115":0,"116":2,"117":2,"118":2,"119":2,"120":2,"121":2,"122":2,"123":2,"124":2,"125":2,"126":2,"127":2,"128":4,"129":1,"130":3,"131":4,"132":10,"133":10,"134":2,"135":2,"136":1,"137":66,"138":66,"139":19,"140":19,"141":19,"142":19,"143":19,"144":0,"145":9,"146":9,"147":9,"148":9,"149":9,"150":9,"151":3,"152":3,"153":3,"154":78,"155":3,"156":2,"157":1,"158":3,"159":3,"160":3,"161":3,"162":0,"163":0,"164":3,"165":3,"166":3,"167":3,"168":0,"169":0,"170":0,"171":0,"172":0,"173":0,"174":0,"175":0,"176":0,"177":9,"178":9,"179":9,"180":9,"181":9,"182":9,"183":11,"184":11,"185":11,"186":11,"187":10,"188":10,"189":10,"190":10,"191":10,"192":11,"193":0,"194":0,"195":11,"196":11,"197":11,"198":44,"199":1,"200":0,"201":1,"202":1,"203":1,"204":1,"205":1,"206":1,"207":4,"208":4,"209":1,"210":3,"211":0,"212":1,"213":1,"214":1,"215":1,"216":0,"217":0,"218":0,"219":0,"220":0,"221":0,"222":1,"223":1,"224":1,"225":1,"226":1,"227":1,"228":1,"229":1,"230":1,"231":1,"232":1,"233":11,"234":11,"235":11,"236":11,"237":11,"238":11,"239":11,"240":11,"241":11,"242":11,"243":11},"f":{"0":562,"1":66,"2":66,"3":0,"4":396,"5":0,"6":264,"7":8,"8":32,"9":1,"10":330,"11":0,"12":0,"13":0,"14":1,"15":2,"16":68,"17":1,"18":1,"19":1,"20":0,"21":2,"22":2,"23":2,"24":4,"25":1,"26":3,"27":10,"28":2,"29":66,"30":19,"31":0,"32":9,"33":3,"34":78,"35":3,"36":3,"37":0,"38":0,"39":9,"40":10,"41":11,"42":44,"43":1,"44":4,"45":1,"46":0,"47":1,"48":1,"49":1,"50":1},"b":{"0":[0,0],"1":[0,0],"2":[0,0],"3":[2,1],"4":[0,1],"5":[1,1],"6":[0,1],"7":[1,1],"8":[1,0],"9":[0,1],"10":[0,0],"11":[0,0],"12":[0,0],"13":[2,2],"14":[1,1],"15":[1,1],"16":[1,1],"17":[1,1],"18":[1,0],"19":[3,0],"20":[0,4],"21":[4,4],"22":[9,1],"23":[1,1],"24":[1,1],"25":[0],"26":[3,75],"27":[2,1],"28":[3,0],"29":[0,3],"30":[0,3],"31":[1,2],"32":[0,3],"33":[1,2],"34":[0,11],"35":[0,1],"36":[1,0],"37":[1,3],"38":[0,3],"39":[3,0],"40":[1,0],"41":[1,0],"42":[1,0],"43":[0,0],"44":[0,0],"45":[0,0],"46":[1,0],"47":[11,0],"48":[11,0],"49":[11,0],"50":[11,11]},"_coverageSchema":"1a1c01bbd47fc00a2c39e90264f33305004495a9","hash":"32ce65af5a9a2f63f46e8e87a6c3157e91349ecd"}
}
