TN:
SF:app.js
FN:19,(anonymous_0)
FN:43,init
FN:49,bindEvents
FN:54,(anonymous_3)
FN:60,(anonymous_4)
FN:61,(anonymous_5)
FN:69,(anonymous_6)
FN:70,(anonymous_7)
FN:71,(anonymous_8)
FN:79,(anonymous_9)
FN:85,(anonymous_10)
FN:86,(anonymous_11)
FN:100,(anonymous_12)
FN:103,(anonymous_13)
FN:109,toggleSidebar
FN:115,onInputChange
FN:122,autoResizeInput
FN:128,handleSend
FN:157,callGemini
FN:159,(anonymous_19)
FN:195,(anonymous_20)
FN:203,buildSystemPrompt
FN:240,addMessage
FN:247,renderMessage
FN:278,parseMarkdown
FN:281,(anonymous_25)
FN:295,(anonymous_26)
FN:304,showHero
FN:309,showTyping
FN:314,updateSessionInfo
FN:319,showToast
FN:324,(anonymous_31)
FN:327,clearChat
FN:342,extractTopics
FN:351,(anonymous_34)
FN:360,renderTopics
FN:366,(anonymous_36)
FN:376,updateProgress
FN:378,(anonymous_38)
FN:388,updateSidebarStats
FN:435,openQuiz
FN:443,renderQuizQuestion
FN:454,(anonymous_42)
FN:460,answerQuiz
FN:467,(anonymous_44)
FN:480,nextQuiz
FN:485,showQuizScore
FN:502,copyText
FN:504,(anonymous_48)
FN:507,thumbsUp
FN:513,thumbsDown
FNF:51
FNH:41
FNDA:562,(anonymous_0)
FNDA:66,init
FNDA:66,bindEvents
FNDA:0,(anonymous_3)
FNDA:396,(anonymous_4)
FNDA:0,(anonymous_5)
FNDA:264,(anonymous_6)
FNDA:8,(anonymous_7)
FNDA:32,(anonymous_8)
FNDA:1,(anonymous_9)
FNDA:330,(anonymous_10)
FNDA:0,(anonymous_11)
FNDA:0,(anonymous_12)
FNDA:0,(anonymous_13)
FNDA:1,toggleSidebar
FNDA:2,onInputChange
FNDA:68,autoResizeInput
FNDA:1,handleSend
FNDA:1,callGemini
FNDA:1,(anonymous_19)
FNDA:0,(anonymous_20)
FNDA:2,buildSystemPrompt
FNDA:2,addMessage
FNDA:2,renderMessage
FNDA:4,parseMarkdown
FNDA:1,(anonymous_25)
FNDA:3,(anonymous_26)
FNDA:10,showHero
FNDA:2,showTyping
FNDA:66,updateSessionInfo
FNDA:19,showToast
FNDA:0,(anonymous_31)
FNDA:9,clearChat
FNDA:3,extractTopics
FNDA:78,(anonymous_34)
FNDA:3,renderTopics
FNDA:3,(anonymous_36)
FNDA:0,updateProgress
FNDA:0,(anonymous_38)
FNDA:9,updateSidebarStats
FNDA:10,openQuiz
FNDA:11,renderQuizQuestion
FNDA:44,(anonymous_42)
FNDA:1,answerQuiz
FNDA:4,(anonymous_44)
FNDA:1,nextQuiz
FNDA:0,showQuizScore
FNDA:1,copyText
FNDA:1,(anonymous_48)
FNDA:1,thumbsUp
FNDA:1,thumbsDown
DA:4,11
DA:16,11
DA:19,562
DA:20,11
DA:21,11
DA:22,11
DA:23,11
DA:24,11
DA:25,11
DA:26,11
DA:27,11
DA:28,11
DA:29,11
DA:30,11
DA:31,11
DA:32,11
DA:33,11
DA:34,11
DA:35,11
DA:36,11
DA:37,11
DA:38,11
DA:39,11
DA:40,11
DA:44,66
DA:45,66
DA:46,66
DA:50,66
DA:51,66
DA:53,66
DA:54,66
DA:55,0
DA:57,66
DA:60,66
DA:61,396
DA:62,0
DA:63,0
DA:64,0
DA:69,66
DA:70,264
DA:71,32
DA:72,8
DA:73,8
DA:74,8
DA:79,66
DA:80,1
DA:81,1
DA:85,66
DA:86,330
DA:87,0
DA:94,0
DA:95,0
DA:99,66
DA:100,66
DA:101,66
DA:102,66
DA:103,66
DA:104,0
DA:105,0
DA:110,1
DA:111,1
DA:116,2
DA:117,2
DA:118,2
DA:119,2
DA:123,68
DA:124,68
DA:129,1
DA:130,1
DA:132,1
DA:133,1
DA:134,1
DA:135,1
DA:137,1
DA:138,1
DA:139,1
DA:141,1
DA:142,1
DA:143,0
DA:144,0
DA:145,0
DA:146,0
DA:148,1
DA:149,1
DA:151,1
DA:152,1
DA:159,1
DA:164,1
DA:166,1
DA:177,1
DA:178,1
DA:179,1
DA:180,1
DA:181,1
DA:182,1
DA:184,0
DA:187,1
DA:188,1
DA:194,0
DA:195,0
DA:196,0
DA:199,0
DA:200,0
DA:204,2
DA:211,2
DA:241,2
DA:242,2
DA:243,2
DA:244,2
DA:248,2
DA:249,2
DA:251,2
DA:252,2
DA:254,2
DA:269,2
DA:279,4
DA:282,1
DA:295,3
DA:298,4
DA:305,10
DA:306,10
DA:310,2
DA:311,2
DA:315,66
DA:316,66
DA:320,19
DA:321,19
DA:322,19
DA:323,19
DA:324,19
DA:328,9
DA:329,9
DA:330,9
DA:331,9
DA:332,9
DA:333,9
DA:343,3
DA:344,3
DA:351,3
DA:352,78
DA:353,3
DA:354,1
DA:357,3
DA:361,3
DA:362,3
DA:363,0
DA:364,0
DA:366,3
DA:367,3
DA:368,3
DA:369,3
DA:377,0
DA:378,0
DA:379,0
DA:381,0
DA:382,0
DA:383,0
DA:384,0
DA:385,0
DA:389,9
DA:390,9
DA:391,9
DA:392,9
DA:393,9
DA:394,9
DA:398,11
DA:431,11
DA:432,11
DA:433,11
DA:436,10
DA:437,10
DA:438,10
DA:439,10
DA:440,10
DA:444,11
DA:445,0
DA:446,0
DA:448,11
DA:449,11
DA:450,11
DA:454,44
DA:461,1
DA:462,1
DA:463,1
DA:464,1
DA:465,1
DA:467,1
DA:468,4
DA:469,4
DA:470,3
DA:473,1
DA:474,1
DA:481,1
DA:482,1
DA:486,0
DA:487,0
DA:488,0
DA:489,0
DA:497,0
DA:498,0
DA:503,1
DA:504,1
DA:508,1
DA:509,1
DA:510,1
DA:514,1
DA:515,1
DA:516,1
DA:517,1
DA:518,1
DA:522,11
DA:523,11
DA:524,11
DA:525,11
DA:526,11
DA:527,11
DA:528,11
DA:531,11
DA:532,11
DA:536,11
DA:537,11
LF:221
LH:184
BRDA:55,0,0,0
BRDA:55,0,1,0
BRDA:55,1,0,0
BRDA:55,1,1,0
BRDA:95,2,0,0
BRDA:95,2,1,0
BRDA:118,3,0,2
BRDA:118,3,1,1
BRDA:130,4,0,0
BRDA:130,4,1,1
BRDA:130,5,0,1
BRDA:130,5,1,1
BRDA:160,6,0,0
BRDA:160,6,1,1
BRDA:177,7,0,1
BRDA:177,7,1,1
BRDA:178,8,0,1
BRDA:178,8,1,0
BRDA:180,9,0,0
BRDA:180,9,1,1
BRDA:194,10,0,0
BRDA:194,10,1,0
BRDA:196,11,0,0
BRDA:196,11,1,0
BRDA:200,12,0,0
BRDA:200,12,1,0
BRDA:216,13,0,2
BRDA:216,13,1,2
BRDA:255,14,0,1
BRDA:255,14,1,1
BRDA:255,15,0,1
BRDA:255,15,1,1
BRDA:258,16,0,1
BRDA:258,16,1,1
BRDA:262,17,0,1
BRDA:262,17,1,1
BRDA:282,18,0,1
BRDA:282,18,1,0
BRDA:295,19,0,3
BRDA:295,19,1,0
BRDA:298,20,0,0
BRDA:298,20,1,4
BRDA:298,21,0,4
BRDA:298,21,1,4
BRDA:305,22,0,9
BRDA:305,22,1,1
BRDA:310,23,0,1
BRDA:310,23,1,1
BRDA:311,24,0,1
BRDA:311,24,1,1
BRDA:319,25,0,0
BRDA:352,26,0,3
BRDA:352,26,1,75
BRDA:353,27,0,2
BRDA:353,27,1,1
BRDA:357,28,0,3
BRDA:357,28,1,0
BRDA:362,29,0,0
BRDA:362,29,1,3
BRDA:367,30,0,0
BRDA:367,30,1,3
BRDA:367,31,0,1
BRDA:367,31,1,2
BRDA:368,32,0,0
BRDA:368,32,1,3
BRDA:368,33,0,1
BRDA:368,33,1,2
BRDA:444,34,0,0
BRDA:444,34,1,11
BRDA:461,35,0,0
BRDA:461,35,1,1
BRDA:465,36,0,1
BRDA:465,36,1,0
BRDA:469,37,0,1
BRDA:469,37,1,3
BRDA:470,38,0,0
BRDA:470,38,1,3
BRDA:470,39,0,3
BRDA:470,39,1,0
BRDA:474,40,0,1
BRDA:474,40,1,0
BRDA:475,41,0,1
BRDA:475,41,1,0
BRDA:477,42,0,1
BRDA:477,42,1,0
BRDA:488,43,0,0
BRDA:488,43,1,0
BRDA:488,44,0,0
BRDA:488,44,1,0
BRDA:498,45,0,0
BRDA:498,45,1,0
BRDA:504,46,0,1
BRDA:504,46,1,0
BRDA:522,47,0,11
BRDA:522,47,1,0
BRDA:531,48,0,11
BRDA:531,48,1,0
BRDA:536,49,0,11
BRDA:536,49,1,0
BRDA:536,50,0,11
BRDA:536,50,1,11
BRF:101
BRH:59
end_of_record
